<?xml version="1.0" encoding="UTF-8"?>
<!-- Generated by org.testng.reporters.JUnitXMLReporter -->
<testsuite ignored="2" hostname="DESKTOP-KK1SMTI" failures="0" tests="5" name="test" time="11.923" errors="0" timestamp="2023-11-27T19:13:53 IST">
  <testcase classname="Day42.DependencieANDgrouptest" name="open" time="11.283"/>
  <testcase classname="Day42.DependencieANDgrouptest" name="entername" time="0.267"/>
  <testcase classname="Day42.DependencieANDgrouptest" name="testlogo" time="0.118"/>
  <testcase classname="Day42.dependtandgroup" name="loginByEmail" time="0.003"/>
  <testcase classname="Day42.dependtandgroup" name="loginByfacebook" time="0.012"/>
  <testcase classname="Day42.DependencieANDgrouptest" name="close" time="0.0">
    <ignored/>
  </testcase> <!-- close -->
  <testcase classname="Day42.dependtandgroup" name="loginBytwitter" time="0.0">
    <ignored/>
  </testcase> <!-- loginBytwitter -->
</testsuite> <!-- test -->
