<?xml version="1.0" encoding="UTF-8"?>
<!-- Generated by org.testng.reporters.JUnitXMLReporter -->
<testsuite ignored="0" hostname="DESKTOP-KK1SMTI" failures="1" tests="3" name="mytest" time="30.621" errors="0" timestamp="2023-12-12T11:30:49 IST">
  <testcase classname="Day44.orangeHRM" name="testLogo" time="3.238"/>
  <testcase classname="Day44.orangeHRM" name="testAppURL" time="0.099">
    <failure type="java.lang.AssertionError" message="expected [https://opensourcehrm.com] but found [https://opensource-demo.orangehrmlive.com/web/index.php/auth/login]">
      <![CDATA[java.lang.AssertionError: expected [https://opensourcehrm.com] but found [https://opensource-demo.orangehrmlive.com/web/index.php/auth/login]
at Day44.orangeHRM.testAppURL(orangeHRM.java:47)
at java.base/java.util.ArrayList.forEach(ArrayList.java:1511)
... Removed 33 stack frames]]>
    </failure>
  </testcase> <!-- testAppURL -->
  <testcase classname="Day44.orangeHRM" name="testHomePageTitle" time="0.001">
    <skipped/>
  </testcase> <!-- testHomePageTitle -->
</testsuite> <!-- mytest -->
