<?xml version="1.0" encoding="UTF-8"?>
<!-- Generated by org.testng.reporters.JUnitXMLReporter -->
<testsuite ignored="0" hostname="DESKTOP-KK1SMTI" failures="0" tests="4" name="Default test" time="13.484" errors="0" timestamp="2024-03-12T12:29:48 IST">
  <testcase classname="Automation_practice.HomePage.Test1" name="setup" time="2.981"/>
  <testcase classname="Automation_practice.HomePage.Test1" name="openUrl" time="5.931"/>
  <testcase classname="Automation_practice.HomePage.Test1" name="Shopmenu" time="2.157"/>
  <testcase classname="Automation_practice.HomePage.Test1" name="homepage" time="2.291"/>
</testsuite> <!-- Default test -->
