<?xml version="1.0" encoding="UTF-8"?>
<!-- Generated by org.testng.reporters.JUnitXMLReporter -->
<testsuite ignored="0" hostname="DESKTOP-KK1SMTI" failures="0" tests="4" name="mytest" time="16.43" errors="0" timestamp="2023-11-23T11:00:32 IST">
  <testcase classname="Day40.OrangeHRMTest" name="openURL" time="13.125"/>
  <testcase classname="Day40.OrangeHRMTest" name="logotest" time="1.672"/>
  <testcase classname="Day40.OrangeHRMTest" name="login" time="0.861"/>
  <testcase classname="Day40.OrangeHRMTest" name="close" time="0.51"/>
</testsuite> <!-- mytest -->
