<?xml version="1.0" encoding="UTF-8"?>
<!-- Generated by org.testng.reporters.JUnitXMLReporter -->
<testsuite ignored="0" hostname="DESKTOP-KK1SMTI" failures="0" tests="7" name="Test" time="38.58" errors="0" timestamp="2023-11-23T10:50:33 IST">
  <testcase classname="Day40.OrangeHRMTest" name="openURL" time="34.818"/>
  <testcase classname="Day40.OrangeHRMTest" name="logotest" time="2.692"/>
  <testcase classname="Day40.OrangeHRMTest" name="login" time="0.627"/>
  <testcase classname="Day40.OrangeHRMTest" name="close" time="0.24"/>
  <testcase classname="Day40.testngDemo" name="openapp" time="0.006"/>
  <testcase classname="Day40.testngDemo" name="login" time="0.004"/>
  <testcase classname="Day40.testngDemo" name="logout" time="0.003"/>
</testsuite> <!-- Test -->
