<?xml version="1.0" encoding="UTF-8"?>
<testng-results ignored="0" total="4" passed="4" failed="0" skipped="0">
  <reporter-output>
  </reporter-output>
  <suite started-at="2024-03-12T12:29:35 IST" name="Default suite" finished-at="2024-03-12T12:29:48 IST" duration-ms="13484">
    <groups>
    </groups>
    <test started-at="2024-03-12T12:29:35 IST" name="Default test" finished-at="2024-03-12T12:29:48 IST" duration-ms="13484">
      <class name="Automation_practice.HomePage.Test1">
        <test-method signature="setup()[pri:1, instance:Automation_practice.HomePage.Test1@2d7275fc]" started-at="2024-03-12T12:29:35 IST" name="setup" finished-at="2024-03-12T12:29:38 IST" duration-ms="2981" status="PASS">
          <reporter-output>
          </reporter-output>
        </test-method> <!-- setup -->
        <test-method signature="openUrl()[pri:2, instance:Automation_practice.HomePage.Test1@2d7275fc]" started-at="2024-03-12T12:29:38 IST" name="openUrl" finished-at="2024-03-12T12:29:44 IST" duration-ms="5931" status="PASS">
          <reporter-output>
          </reporter-output>
        </test-method> <!-- openUrl -->
        <test-method signature="Shopmenu()[pri:3, instance:Automation_practice.HomePage.Test1@2d7275fc]" started-at="2024-03-12T12:29:44 IST" name="Shopmenu" finished-at="2024-03-12T12:29:46 IST" duration-ms="2157" status="PASS">
          <reporter-output>
          </reporter-output>
        </test-method> <!-- Shopmenu -->
        <test-method signature="homepage()[pri:4, instance:Automation_practice.HomePage.Test1@2d7275fc]" started-at="2024-03-12T12:29:46 IST" name="homepage" finished-at="2024-03-12T12:29:48 IST" duration-ms="2291" status="PASS">
          <reporter-output>
          </reporter-output>
        </test-method> <!-- homepage -->
      </class> <!-- Automation_practice.HomePage.Test1 -->
    </test> <!-- Default test -->
  </suite> <!-- Default suite -->
</testng-results>
